<?xml version="1.0" encoding="UTF-8"?>
<testsuite name="com.changgeol.www.springboot.web.HelloControllerTest" tests="2" skipped="0" failures="0" errors="0" timestamp="2020-07-10T04:19:12" hostname="DESKTOP-GA2K8MB" time="0.256">
  <properties/>
  <testcase name="hello가_리턴된다" classname="com.changgeol.www.springboot.web.HelloControllerTest" time="0.193"/>
  <testcase name="helloDto가_리턴된다" classname="com.changgeol.www.springboot.web.HelloControllerTest" time="0.062"/>
  <system-out><![CDATA[13:19:09.894 [Test worker] DEBUG org.springframework.test.context.junit4.SpringJUnit4ClassRunner - SpringJUnit4ClassRunner constructor called with [class com.changgeol.www.springboot.web.HelloControllerTest]
13:19:09.894 [Test worker] DEBUG org.springframework.test.context.BootstrapUtils - Instantiating CacheAwareContextLoaderDelegate from class [org.springframework.test.context.cache.DefaultCacheAwareContextLoaderDelegate]
13:19:09.910 [Test worker] DEBUG org.springframework.test.context.BootstrapUtils - Instantiating BootstrapContext using constructor [public org.springframework.test.context.support.DefaultBootstrapContext(java.lang.Class,org.springframework.test.context.CacheAwareContextLoaderDelegate)]
13:19:09.926 [Test worker] DEBUG org.springframework.test.context.BootstrapUtils - Instantiating TestContextBootstrapper for test class [com.changgeol.www.springboot.web.HelloControllerTest] from class [org.springframework.boot.test.autoconfigure.web.servlet.WebMvcTestContextBootstrapper]
13:19:09.942 [Test worker] INFO org.springframework.boot.test.autoconfigure.web.servlet.WebMvcTestContextBootstrapper - Neither @ContextConfiguration nor @ContextHierarchy found for test class [com.changgeol.www.springboot.web.HelloControllerTest], using SpringBootContextLoader
13:19:09.942 [Test worker] DEBUG org.springframework.test.context.support.AbstractContextLoader - Did not detect default resource location for test class [com.changgeol.www.springboot.web.HelloControllerTest]: class path resource [com/changgeol/www/springboot/web/HelloControllerTest-context.xml] does not exist
13:19:09.942 [Test worker] DEBUG org.springframework.test.context.support.AbstractContextLoader - Did not detect default resource location for test class [com.changgeol.www.springboot.web.HelloControllerTest]: class path resource [com/changgeol/www/springboot/web/HelloControllerTestContext.groovy] does not exist
13:19:09.942 [Test worker] INFO org.springframework.test.context.support.AbstractContextLoader - Could not detect default resource locations for test class [com.changgeol.www.springboot.web.HelloControllerTest]: no resource found for suffixes {-context.xml, Context.groovy}.
13:19:09.942 [Test worker] INFO org.springframework.test.context.support.AnnotationConfigContextLoaderUtils - Could not detect default configuration classes for test class [com.changgeol.www.springboot.web.HelloControllerTest]: HelloControllerTest does not declare any static, non-private, non-final, nested classes annotated with @Configuration.
13:19:10.005 [Test worker] DEBUG org.springframework.test.context.support.ActiveProfilesUtils - Could not find an 'annotation declaring class' for annotation type [org.springframework.test.context.ActiveProfiles] and class [com.changgeol.www.springboot.web.HelloControllerTest]
13:19:10.051 [Test worker] DEBUG org.springframework.context.annotation.ClassPathScanningCandidateComponentProvider - Identified candidate component class: file [C:\Users\nobbaggu\IdeaProjects\changgeol\build\classes\java\main\com\changgeol\www\springboot\Application.class]
13:19:10.051 [Test worker] INFO org.springframework.boot.test.context.SpringBootTestContextBootstrapper - Found @SpringBootConfiguration com.changgeol.www.springboot.Application for test class com.changgeol.www.springboot.web.HelloControllerTest
13:19:10.051 [Test worker] DEBUG org.springframework.boot.test.autoconfigure.web.servlet.WebMvcTestContextBootstrapper - @TestExecutionListeners is not present for class [com.changgeol.www.springboot.web.HelloControllerTest]: using defaults.
13:19:10.051 [Test worker] INFO org.springframework.boot.test.autoconfigure.web.servlet.WebMvcTestContextBootstrapper - Loaded default TestExecutionListener class names from location [META-INF/spring.factories]: [org.springframework.security.test.context.support.WithSecurityContextTestExecutionListener, org.springframework.security.test.context.support.ReactorContextTestExecutionListener, org.springframework.boot.test.autoconfigure.restdocs.RestDocsTestExecutionListener, org.springframework.boot.test.autoconfigure.web.client.MockRestServiceServerResetTestExecutionListener, org.springframework.boot.test.autoconfigure.web.servlet.MockMvcPrintOnlyOnFailureTestExecutionListener, org.springframework.boot.test.autoconfigure.web.servlet.WebDriverTestExecutionListener, org.springframework.boot.test.mock.mockito.MockitoTestExecutionListener, org.springframework.boot.test.mock.mockito.ResetMocksTestExecutionListener, org.springframework.test.context.web.ServletTestExecutionListener, org.springframework.test.context.support.DirtiesContextBeforeModesTestExecutionListener, org.springframework.test.context.support.DependencyInjectionTestExecutionListener, org.springframework.test.context.support.DirtiesContextTestExecutionListener, org.springframework.test.context.transaction.TransactionalTestExecutionListener, org.springframework.test.context.jdbc.SqlScriptsTestExecutionListener]
13:19:10.083 [Test worker] INFO org.springframework.boot.test.autoconfigure.web.servlet.WebMvcTestContextBootstrapper - Using TestExecutionListeners: [org.springframework.test.context.web.ServletTestExecutionListener@8641f71, org.springframework.test.context.support.DirtiesContextBeforeModesTestExecutionListener@76507f79, org.springframework.boot.test.mock.mockito.MockitoTestExecutionListener@7f8ffe9b, org.springframework.boot.test.autoconfigure.SpringBootDependencyInjectionTestExecutionListener@528f6f6b, org.springframework.test.context.support.DirtiesContextTestExecutionListener@7a386ddc, org.springframework.test.context.transaction.TransactionalTestExecutionListener@f667e55, org.springframework.test.context.jdbc.SqlScriptsTestExecutionListener@f1d3204, org.springframework.security.test.context.support.WithSecurityContextTestExecutionListener@26c0e0bb, org.springframework.security.test.context.support.ReactorContextTestExecutionListener@1f2f2f32, org.springframework.boot.test.autoconfigure.restdocs.RestDocsTestExecutionListener@23076e54, org.springframework.boot.test.autoconfigure.web.client.MockRestServiceServerResetTestExecutionListener@45ece522, org.springframework.boot.test.autoconfigure.web.servlet.MockMvcPrintOnlyOnFailureTestExecutionListener@6488001c, org.springframework.boot.test.autoconfigure.web.servlet.WebDriverTestExecutionListener@2b8e500, org.springframework.boot.test.mock.mockito.ResetMocksTestExecutionListener@1a555ecd]
13:19:10.083 [Test worker] DEBUG org.springframework.test.annotation.ProfileValueUtils - Retrieved @ProfileValueSourceConfiguration [null] for test class [com.changgeol.www.springboot.web.HelloControllerTest]
13:19:10.083 [Test worker] DEBUG org.springframework.test.annotation.ProfileValueUtils - Retrieved ProfileValueSource type [class org.springframework.test.annotation.SystemProfileValueSource] for class [com.changgeol.www.springboot.web.HelloControllerTest]
13:19:10.083 [Test worker] DEBUG org.springframework.test.annotation.ProfileValueUtils - Retrieved @ProfileValueSourceConfiguration [null] for test class [com.changgeol.www.springboot.web.HelloControllerTest]
13:19:10.083 [Test worker] DEBUG org.springframework.test.annotation.ProfileValueUtils - Retrieved ProfileValueSource type [class org.springframework.test.annotation.SystemProfileValueSource] for class [com.changgeol.www.springboot.web.HelloControllerTest]
13:19:10.083 [Test worker] DEBUG org.springframework.test.context.support.AbstractDirtiesContextTestExecutionListener - Before test class: context [DefaultTestContext@2c70b46c testClass = HelloControllerTest, testInstance = [null], testMethod = [null], testException = [null], mergedContextConfiguration = [WebMergedContextConfiguration@73fdbbd testClass = HelloControllerTest, locations = '{}', classes = '{class com.changgeol.www.springboot.Application}', contextInitializerClasses = '[]', activeProfiles = '{}', propertySourceLocations = '{}', propertySourceProperties = '{org.springframework.boot.test.autoconfigure.web.servlet.WebMvcTestContextBootstrapper=true}', contextCustomizers = set[org.springframework.boot.test.autoconfigure.OverrideAutoConfigurationContextCustomizerFactory$DisableAutoConfigurationContextCustomizer@795e7316, org.springframework.boot.test.autoconfigure.filter.TypeExcludeFiltersContextCustomizer@cebb083a, org.springframework.boot.test.autoconfigure.properties.PropertyMappingContextCustomizer@b46c3316, org.springframework.boot.test.autoconfigure.web.servlet.WebDriverContextCustomizerFactory$Customizer@72ae578d, [ImportsContextCustomizer@4569935a key = [org.springframework.boot.autoconfigure.cache.CacheAutoConfiguration, org.springframework.boot.autoconfigure.context.MessageSourceAutoConfiguration, org.springframework.boot.autoconfigure.data.web.SpringDataWebAutoConfiguration, org.springframework.boot.autoconfigure.freemarker.FreeMarkerAutoConfiguration, org.springframework.boot.autoconfigure.groovy.template.GroovyTemplateAutoConfiguration, org.springframework.boot.autoconfigure.gson.GsonAutoConfiguration, org.springframework.boot.autoconfigure.hateoas.HypermediaAutoConfiguration, org.springframework.boot.autoconfigure.http.HttpMessageConvertersAutoConfiguration, org.springframework.boot.autoconfigure.jackson.JacksonAutoConfiguration, org.springframework.boot.autoconfigure.jsonb.JsonbAutoConfiguration, org.springframework.boot.autoconfigure.mustache.MustacheAutoConfiguration, org.springframework.boot.autoconfigure.task.TaskExecutionAutoConfiguration, org.springframework.boot.autoconfigure.thymeleaf.ThymeleafAutoConfiguration, org.springframework.boot.autoconfigure.validation.ValidationAutoConfiguration, org.springframework.boot.autoconfigure.web.servlet.error.ErrorMvcAutoConfiguration, org.springframework.boot.autoconfigure.web.servlet.WebMvcAutoConfiguration, org.springframework.boot.test.autoconfigure.web.servlet.MockMvcAutoConfiguration, org.springframework.boot.test.autoconfigure.web.servlet.MockMvcSecurityAutoConfiguration, org.springframework.boot.test.autoconfigure.web.servlet.MockMvcWebClientAutoConfiguration, org.springframework.boot.test.autoconfigure.web.servlet.MockMvcWebDriverAutoConfiguration]], org.springframework.boot.test.context.filter.ExcludeFilterContextCustomizer@200127e9, org.springframework.boot.test.json.DuplicateJsonObjectContextCustomizerFactory$DuplicateJsonObjectContextCustomizer@1db9aafc, org.springframework.boot.test.mock.mockito.MockitoContextCustomizer@0], resourceBasePath = 'src/main/webapp', contextLoader = 'org.springframework.boot.test.context.SpringBootContextLoader', parent = [null]], attributes = map[[empty]]], class annotated with @DirtiesContext [false] with mode [null].
13:19:10.083 [Test worker] DEBUG org.springframework.test.annotation.ProfileValueUtils - Retrieved @ProfileValueSourceConfiguration [null] for test class [com.changgeol.www.springboot.web.HelloControllerTest]
13:19:10.083 [Test worker] DEBUG org.springframework.test.annotation.ProfileValueUtils - Retrieved ProfileValueSource type [class org.springframework.test.annotation.SystemProfileValueSource] for class [com.changgeol.www.springboot.web.HelloControllerTest]
13:19:10.098 [Test worker] DEBUG org.springframework.test.context.support.DependencyInjectionTestExecutionListener - Performing dependency injection for test context [[DefaultTestContext@2c70b46c testClass = HelloControllerTest, testInstance = com.changgeol.www.springboot.web.HelloControllerTest@1197933, testMethod = [null], testException = [null], mergedContextConfiguration = [WebMergedContextConfiguration@73fdbbd testClass = HelloControllerTest, locations = '{}', classes = '{class com.changgeol.www.springboot.Application}', contextInitializerClasses = '[]', activeProfiles = '{}', propertySourceLocations = '{}', propertySourceProperties = '{org.springframework.boot.test.autoconfigure.web.servlet.WebMvcTestContextBootstrapper=true}', contextCustomizers = set[org.springframework.boot.test.autoconfigure.OverrideAutoConfigurationContextCustomizerFactory$DisableAutoConfigurationContextCustomizer@795e7316, org.springframework.boot.test.autoconfigure.filter.TypeExcludeFiltersContextCustomizer@cebb083a, org.springframework.boot.test.autoconfigure.properties.PropertyMappingContextCustomizer@b46c3316, org.springframework.boot.test.autoconfigure.web.servlet.WebDriverContextCustomizerFactory$Customizer@72ae578d, [ImportsContextCustomizer@4569935a key = [org.springframework.boot.autoconfigure.cache.CacheAutoConfiguration, org.springframework.boot.autoconfigure.context.MessageSourceAutoConfiguration, org.springframework.boot.autoconfigure.data.web.SpringDataWebAutoConfiguration, org.springframework.boot.autoconfigure.freemarker.FreeMarkerAutoConfiguration, org.springframework.boot.autoconfigure.groovy.template.GroovyTemplateAutoConfiguration, org.springframework.boot.autoconfigure.gson.GsonAutoConfiguration, org.springframework.boot.autoconfigure.hateoas.HypermediaAutoConfiguration, org.springframework.boot.autoconfigure.http.HttpMessageConvertersAutoConfiguration, org.springframework.boot.autoconfigure.jackson.JacksonAutoConfiguration, org.springframework.boot.autoconfigure.jsonb.JsonbAutoConfiguration, org.springframework.boot.autoconfigure.mustache.MustacheAutoConfiguration, org.springframework.boot.autoconfigure.task.TaskExecutionAutoConfiguration, org.springframework.boot.autoconfigure.thymeleaf.ThymeleafAutoConfiguration, org.springframework.boot.autoconfigure.validation.ValidationAutoConfiguration, org.springframework.boot.autoconfigure.web.servlet.error.ErrorMvcAutoConfiguration, org.springframework.boot.autoconfigure.web.servlet.WebMvcAutoConfiguration, org.springframework.boot.test.autoconfigure.web.servlet.MockMvcAutoConfiguration, org.springframework.boot.test.autoconfigure.web.servlet.MockMvcSecurityAutoConfiguration, org.springframework.boot.test.autoconfigure.web.servlet.MockMvcWebClientAutoConfiguration, org.springframework.boot.test.autoconfigure.web.servlet.MockMvcWebDriverAutoConfiguration]], org.springframework.boot.test.context.filter.ExcludeFilterContextCustomizer@200127e9, org.springframework.boot.test.json.DuplicateJsonObjectContextCustomizerFactory$DuplicateJsonObjectContextCustomizer@1db9aafc, org.springframework.boot.test.mock.mockito.MockitoContextCustomizer@0], resourceBasePath = 'src/main/webapp', contextLoader = 'org.springframework.boot.test.context.SpringBootContextLoader', parent = [null]], attributes = map[[empty]]]].
13:19:10.200 [Test worker] DEBUG org.springframework.test.context.support.TestPropertySourceUtils - Adding inlined properties to environment: {spring.jmx.enabled=false, org.springframework.boot.test.autoconfigure.web.servlet.WebMvcTestContextBootstrapper=true, server.port=-1}

  .   ____          _            __ _ _
 /\\ / ___'_ __ _ _(_)_ __  __ _ \ \ \ \
( ( )\___ | '_ | '_| | '_ \/ _` | \ \ \ \
 \\/  ___)| |_)| | | | | || (_| |  ) ) ) )
  '  |____| .__|_| |_|_| |_\__, | / / / /
 =========|_|==============|___/=/_/_/_/
 :: Spring Boot ::        (v2.1.7.RELEASE)

2020-07-10 13:19:10.403  INFO 6324 --- [    Test worker] c.c.w.s.web.HelloControllerTest          : Starting HelloControllerTest on DESKTOP-GA2K8MB with PID 6324 (started by nobbaggu in C:\Users\nobbaggu\IdeaProjects\changgeol)
2020-07-10 13:19:10.403  INFO 6324 --- [    Test worker] c.c.w.s.web.HelloControllerTest          : No active profile set, falling back to default profiles: default
2020-07-10 13:19:11.438  INFO 6324 --- [    Test worker] o.s.s.concurrent.ThreadPoolTaskExecutor  : Initializing ExecutorService 'applicationTaskExecutor'
2020-07-10 13:19:11.500  INFO 6324 --- [    Test worker] o.s.b.a.w.s.WelcomePageHandlerMapping    : Adding welcome page template: index
2020-07-10 13:19:11.805  INFO 6324 --- [    Test worker] .s.s.UserDetailsServiceAutoConfiguration : 

Using generated security password: c17eed65-80ed-43c6-814b-dfc87a1e4cdb

2020-07-10 13:19:11.993  INFO 6324 --- [    Test worker] o.s.s.web.DefaultSecurityFilterChain     : Creating filter chain: any request, [org.springframework.security.web.context.request.async.WebAsyncManagerIntegrationFilter@3cd61b70, org.springframework.security.web.context.SecurityContextPersistenceFilter@52a8c474, org.springframework.security.web.header.HeaderWriterFilter@17be9d3, org.springframework.security.web.csrf.CsrfFilter@3dcd6b0a, org.springframework.security.web.authentication.logout.LogoutFilter@115d81a0, org.springframework.security.web.authentication.UsernamePasswordAuthenticationFilter@9791d8a, org.springframework.security.web.authentication.ui.DefaultLoginPageGeneratingFilter@754d1b54, org.springframework.security.web.authentication.ui.DefaultLogoutPageGeneratingFilter@4bcb5c62, org.springframework.security.web.authentication.www.BasicAuthenticationFilter@28023271, org.springframework.security.web.savedrequest.RequestCacheAwareFilter@1bbff72b, org.springframework.security.web.servletapi.SecurityContextHolderAwareRequestFilter@225100d5, org.springframework.security.web.authentication.AnonymousAuthenticationFilter@55fdd96e, org.springframework.security.web.session.SessionManagementFilter@5abd8aa8, org.springframework.security.web.access.ExceptionTranslationFilter@5743b123, org.springframework.security.web.access.intercept.FilterSecurityInterceptor@3cb7dbff]
2020-07-10 13:19:12.040  INFO 6324 --- [    Test worker] o.s.b.t.m.w.SpringBootMockServletContext : Initializing Spring TestDispatcherServlet ''
2020-07-10 13:19:12.040  INFO 6324 --- [    Test worker] o.s.t.web.servlet.TestDispatcherServlet  : Initializing Servlet ''
2020-07-10 13:19:12.040  INFO 6324 --- [    Test worker] o.s.t.web.servlet.TestDispatcherServlet  : Completed initialization in 0 ms
2020-07-10 13:19:12.087  INFO 6324 --- [    Test worker] c.c.w.s.web.HelloControllerTest          : Started HelloControllerTest in 1.887 seconds (JVM running for 4.068)
]]></system-out>
  <system-err><![CDATA[]]></system-err>
</testsuite>
